<?xml version="1.0" encoding="UTF-8"?>
<testng-results ignored="0" total="7" passed="7" failed="0" skipped="0">
  <reporter-output>
  </reporter-output>
  <suite started-at="2025-09-09T10:29:16 IST" name="Capstone Suite" finished-at="2025-09-09T10:30:41 IST" duration-ms="84816">
    <groups>
      <group name="cucumber">
        <method signature="AbstractTestNGCucumberTests.runScenario(io.cucumber.testng.PickleWrapper,io.cucumber.testng.FeatureWrapper)[pri:0, instance:com.project.tests.runners.TestNGRunner@3e44f2a5]" name="runScenario" class="io.cucumber.testng.AbstractTestNGCucumberTests"/>
      </group> <!-- cucumber -->
    </groups>
    <test started-at="2025-09-09T10:29:16 IST" name="Capstone Tests" finished-at="2025-09-09T10:30:41 IST" duration-ms="84816">
      <class name="com.project.tests.runners.TestNGRunner">
        <test-method is-config="true" signature="setUpClass(org.testng.ITestContext)[pri:0, instance:com.project.tests.runners.TestNGRunner@3e44f2a5]" started-at="2025-09-09T10:29:16 IST" name="setUpClass" finished-at="2025-09-09T10:29:18 IST" duration-ms="1214" status="PASS">
          <params>
            <param index="0">
              <value>
                <![CDATA[org.testng.TestRunner@27d6467]]>
              </value>
            </param>
          </params>
          <reporter-output>
          </reporter-output>
        </test-method> <!-- setUpClass -->
        <test-method signature="runScenario(io.cucumber.testng.PickleWrapper,io.cucumber.testng.FeatureWrapper)[pri:0, instance:com.project.tests.runners.TestNGRunner@3e44f2a5]" started-at="2025-09-09T10:29:18 IST" name="runScenario" description="Runs Cucumber Scenarios" data-provider="scenarios" finished-at="2025-09-09T10:29:34 IST" duration-ms="16432" status="PASS">
          <params>
            <param index="0">
              <value>
                <![CDATA["Registration with already registered email"]]>
              </value>
            </param>
            <param index="1">
              <value>
                <![CDATA["Negative flows for Credit Card Application and user journeys"]]>
              </value>
            </param>
          </params>
          <reporter-output>
          </reporter-output>
        </test-method> <!-- runScenario -->
        <test-method signature="runScenario(io.cucumber.testng.PickleWrapper,io.cucumber.testng.FeatureWrapper)[pri:0, instance:com.project.tests.runners.TestNGRunner@3e44f2a5]" started-at="2025-09-09T10:29:34 IST" name="runScenario" description="Runs Cucumber Scenarios" data-provider="scenarios" finished-at="2025-09-09T10:29:44 IST" duration-ms="10094" status="PASS">
          <params>
            <param index="0">
              <value>
                <![CDATA["Login with invalid password"]]>
              </value>
            </param>
            <param index="1">
              <value>
                <![CDATA["Negative flows for Credit Card Application and user journeys"]]>
              </value>
            </param>
          </params>
          <reporter-output>
          </reporter-output>
        </test-method> <!-- runScenario -->
        <test-method signature="runScenario(io.cucumber.testng.PickleWrapper,io.cucumber.testng.FeatureWrapper)[pri:0, instance:com.project.tests.runners.TestNGRunner@3e44f2a5]" started-at="2025-09-09T10:29:44 IST" name="runScenario" description="Runs Cucumber Scenarios" data-provider="scenarios" finished-at="2025-09-09T10:29:49 IST" duration-ms="5297" status="PASS">
          <params>
            <param index="0">
              <value>
                <![CDATA["Checkout with invalid credit card number"]]>
              </value>
            </param>
            <param index="1">
              <value>
                <![CDATA["Negative flows for Credit Card Application and user journeys"]]>
              </value>
            </param>
          </params>
          <reporter-output>
          </reporter-output>
        </test-method> <!-- runScenario -->
        <test-method signature="runScenario(io.cucumber.testng.PickleWrapper,io.cucumber.testng.FeatureWrapper)[pri:0, instance:com.project.tests.runners.TestNGRunner@3e44f2a5]" started-at="2025-09-09T10:29:49 IST" name="runScenario" description="Runs Cucumber Scenarios" data-provider="scenarios" finished-at="2025-09-09T10:29:57 IST" duration-ms="7883" status="PASS">
          <params>
            <param index="0">
              <value>
                <![CDATA["Successful registration with valid details"]]>
              </value>
            </param>
            <param index="1">
              <value>
                <![CDATA["Positive flows for Credit Card Application and user journeys"]]>
              </value>
            </param>
          </params>
          <reporter-output>
          </reporter-output>
        </test-method> <!-- runScenario -->
        <test-method signature="runScenario(io.cucumber.testng.PickleWrapper,io.cucumber.testng.FeatureWrapper)[pri:0, instance:com.project.tests.runners.TestNGRunner@3e44f2a5]" started-at="2025-09-09T10:29:57 IST" name="runScenario" description="Runs Cucumber Scenarios" data-provider="scenarios" finished-at="2025-09-09T10:30:06 IST" duration-ms="8569" status="PASS">
          <params>
            <param index="0">
              <value>
                <![CDATA["Successful login with valid credentials"]]>
              </value>
            </param>
            <param index="1">
              <value>
                <![CDATA["Positive flows for Credit Card Application and user journeys"]]>
              </value>
            </param>
          </params>
          <reporter-output>
          </reporter-output>
        </test-method> <!-- runScenario -->
        <test-method signature="runScenario(io.cucumber.testng.PickleWrapper,io.cucumber.testng.FeatureWrapper)[pri:0, instance:com.project.tests.runners.TestNGRunner@3e44f2a5]" started-at="2025-09-09T10:30:06 IST" name="runScenario" description="Runs Cucumber Scenarios" data-provider="scenarios" finished-at="2025-09-09T10:30:11 IST" duration-ms="5524" status="PASS">
          <params>
            <param index="0">
              <value>
                <![CDATA["Successful credit card payment at checkout"]]>
              </value>
            </param>
            <param index="1">
              <value>
                <![CDATA["Positive flows for Credit Card Application and user journeys"]]>
              </value>
            </param>
          </params>
          <reporter-output>
          </reporter-output>
        </test-method> <!-- runScenario -->
        <test-method signature="runScenario(io.cucumber.testng.PickleWrapper,io.cucumber.testng.FeatureWrapper)[pri:0, instance:com.project.tests.runners.TestNGRunner@3e44f2a5]" started-at="2025-09-09T10:30:11 IST" name="runScenario" description="Runs Cucumber Scenarios" data-provider="scenarios" finished-at="2025-09-09T10:30:36 IST" duration-ms="24161" status="PASS">
          <params>
            <param index="0">
              <value>
                <![CDATA["Login and add desktop product to cart"]]>
              </value>
            </param>
            <param index="1">
              <value>
                <![CDATA["Product purchase flow"]]>
              </value>
            </param>
          </params>
          <reporter-output>
          </reporter-output>
        </test-method> <!-- runScenario -->
        <test-method is-config="true" signature="tearDownClass()[pri:0, instance:com.project.tests.runners.TestNGRunner@3e44f2a5]" started-at="2025-09-09T10:30:36 IST" name="tearDownClass" finished-at="2025-09-09T10:30:41 IST" duration-ms="5544" status="PASS">
          <reporter-output>
          </reporter-output>
        </test-method> <!-- tearDownClass -->
      </class> <!-- com.project.tests.runners.TestNGRunner -->
    </test> <!-- Capstone Tests -->
  </suite> <!-- Capstone Suite -->
</testng-results>
